Created by PLY version 3.11 (http://www.dabeaz.com/ply)

Grammar

Rule 0     S' -> PROG
Rule 1     PROG -> PROGRAMA ID SEMI DECLARACOES INICIO COMANDOS FIM DOT
Rule 2     DECLARACOES -> VAR IDS COLON TIPO SEMI DECLARACOES
Rule 3     DECLARACOES -> <empty>
Rule 4     TIPO -> INTEIRO
Rule 5     TIPO -> LOGICO
Rule 6     COMANDOS -> COMANDO SEMI COMANDOS
Rule 7     COMANDOS -> <empty>
Rule 8     COMANDO -> ATRIBUICOES
Rule 9     COMANDO -> LEITURA
Rule 10    COMANDO -> ESCRITA
Rule 11    COMANDO -> COMPOSTO
Rule 12    COMANDO -> CONDICIONAL
Rule 13    COMANDO -> REPETICAO
Rule 14    ATRIBUICOES -> ID ATRIB EXPR
Rule 15    LEITURA -> LER LPAREN IDS RPAREN
Rule 16    ESCRITA -> ESCREVER LPAREN ESPR_STR RPAREN
Rule 17    ESPR_STR -> ITEM_ESCRITA ESPR_STR_
Rule 18    ESPR_STR_ -> COMMA ITEM_ESCRITA ESPR_STR_
Rule 19    ESPR_STR_ -> <empty>
Rule 20    ITEM_ESCRITA -> EXPR
Rule 21    ITEM_ESCRITA -> EXPR_LOGICA
Rule 22    ITEM_ESCRITA -> STR
Rule 23    ITEM_ESCRITA -> ID
Rule 24    COMPOSTO -> INICIO COMANDOS FIM
Rule 25    CONDICIONAL -> SE EXPR_LOGICA ENTAO COMANDOS SENAO COMANDOS FIM
Rule 26    CONDICIONAL -> SE EXPR_LOGICA ENTAO COMANDOS FIM
Rule 27    REPETICAO -> ENQUANTO EXPR_LOGICA FACA COMANDOS FIM
Rule 28    IDS -> ID _IDS
Rule 29    _IDS -> COMMA ID _IDS
Rule 30    _IDS -> <empty>
Rule 31    EXPR -> TERMO EXPR_
Rule 32    EXPR_ -> MAIS TERMO EXPR_
Rule 33    EXPR_ -> MENOS TERMO EXPR_
Rule 34    EXPR_ -> <empty>
Rule 35    TERMO -> FATOR TERMO_
Rule 36    TERMO_ -> VEZES FATOR TERMO_
Rule 37    TERMO_ -> DIV FATOR TERMO_
Rule 38    TERMO_ -> <empty>
Rule 39    FATOR -> NUM
Rule 40    FATOR -> ID
Rule 41    FATOR -> LPAREN EXPR RPAREN
Rule 42    FATOR -> MENOS FATOR
Rule 43    FATOR -> COMMA FATOR
Rule 44    FATOR -> BOOL
Rule 45    EXPR_LOGICA -> TERMO_LOGICO OR EXPR_LOGICA
Rule 46    EXPR_LOGICA -> TERMO_LOGICO
Rule 47    TERMO_LOGICO -> FATOR_LOGICO AND TERMO_LOGICO
Rule 48    TERMO_LOGICO -> FATOR_LOGICO
Rule 49    FATOR_LOGICO -> NOT FATOR_LOGICO
Rule 50    FATOR_LOGICO -> RELACIONAL
Rule 51    FATOR_LOGICO -> LPAREN EXPR_LOGICA RPAREN
Rule 52    FATOR_LOGICO -> ID
Rule 53    FATOR_LOGICO -> BOOL
Rule 54    RELACIONAL -> EXPR OP_REL EXPR
Rule 55    OP_REL -> MENOR
Rule 56    OP_REL -> MENORIG
Rule 57    OP_REL -> MAIOR
Rule 58    OP_REL -> MAIORIG
Rule 59    OP_REL -> IGUAL
Rule 60    OP_REL -> DIF

Terminals, with rules where they appear

AND                  : 47
ATRIB                : 14
BOOL                 : 44 53
COLON                : 2
COMMA                : 18 29 43
DIF                  : 60
DIV                  : 37
DOT                  : 1
ENQUANTO             : 27
ENTAO                : 25 26
ESCREVER             : 16
FACA                 : 27
FIM                  : 1 24 25 26 27
ID                   : 1 14 23 28 29 40 52
IGUAL                : 59
INICIO               : 1 24
INTEIRO              : 4
LER                  : 15
LOGICO               : 5
LPAREN               : 15 16 41 51
MAIOR                : 57
MAIORIG              : 58
MAIS                 : 32
MENOR                : 55
MENORIG              : 56
MENOS                : 33 42
NOT                  : 49
NUM                  : 39
OR                   : 45
PROGRAMA             : 1
RPAREN               : 15 16 41 51
SE                   : 25 26
SEMI                 : 1 2 6
SENAO                : 25
STR                  : 22
VAR                  : 2
VEZES                : 36
error                : 

Nonterminals, with rules where they appear

ATRIBUICOES          : 8
COMANDO              : 6
COMANDOS             : 1 6 24 25 25 26 27
COMPOSTO             : 11
CONDICIONAL          : 12
DECLARACOES          : 1 2
ESCRITA              : 10
ESPR_STR             : 16
ESPR_STR_            : 17 18
EXPR                 : 14 20 41 54 54
EXPR_                : 31 32 33
EXPR_LOGICA          : 21 25 26 27 45 51
FATOR                : 35 36 37 42 43
FATOR_LOGICO         : 47 48 49
IDS                  : 2 15
ITEM_ESCRITA         : 17 18
LEITURA              : 9
OP_REL               : 54
PROG                 : 0
RELACIONAL           : 50
REPETICAO            : 13
TERMO                : 31 32 33
TERMO_               : 35 36 37
TERMO_LOGICO         : 45 46 47
TIPO                 : 2
_IDS                 : 28 29

Parsing method: LALR

state 0

    (0) S' -> . PROG
    (1) PROG -> . PROGRAMA ID SEMI DECLARACOES INICIO COMANDOS FIM DOT

    PROGRAMA        shift and go to state 2

    PROG                           shift and go to state 1

state 1

    (0) S' -> PROG .



state 2

    (1) PROG -> PROGRAMA . ID SEMI DECLARACOES INICIO COMANDOS FIM DOT

    ID              shift and go to state 3


state 3

    (1) PROG -> PROGRAMA ID . SEMI DECLARACOES INICIO COMANDOS FIM DOT

    SEMI            shift and go to state 4


state 4

    (1) PROG -> PROGRAMA ID SEMI . DECLARACOES INICIO COMANDOS FIM DOT
    (2) DECLARACOES -> . VAR IDS COLON TIPO SEMI DECLARACOES
    (3) DECLARACOES -> .

    VAR             shift and go to state 6
    INICIO          reduce using rule 3 (DECLARACOES -> .)

    DECLARACOES                    shift and go to state 5

state 5

    (1) PROG -> PROGRAMA ID SEMI DECLARACOES . INICIO COMANDOS FIM DOT

    INICIO          shift and go to state 7


state 6

    (2) DECLARACOES -> VAR . IDS COLON TIPO SEMI DECLARACOES
    (28) IDS -> . ID _IDS

    ID              shift and go to state 9

    IDS                            shift and go to state 8

state 7

    (1) PROG -> PROGRAMA ID SEMI DECLARACOES INICIO . COMANDOS FIM DOT
    (6) COMANDOS -> . COMANDO SEMI COMANDOS
    (7) COMANDOS -> .
    (8) COMANDO -> . ATRIBUICOES
    (9) COMANDO -> . LEITURA
    (10) COMANDO -> . ESCRITA
    (11) COMANDO -> . COMPOSTO
    (12) COMANDO -> . CONDICIONAL
    (13) COMANDO -> . REPETICAO
    (14) ATRIBUICOES -> . ID ATRIB EXPR
    (15) LEITURA -> . LER LPAREN IDS RPAREN
    (16) ESCRITA -> . ESCREVER LPAREN ESPR_STR RPAREN
    (24) COMPOSTO -> . INICIO COMANDOS FIM
    (25) CONDICIONAL -> . SE EXPR_LOGICA ENTAO COMANDOS SENAO COMANDOS FIM
    (26) CONDICIONAL -> . SE EXPR_LOGICA ENTAO COMANDOS FIM
    (27) REPETICAO -> . ENQUANTO EXPR_LOGICA FACA COMANDOS FIM

    FIM             reduce using rule 7 (COMANDOS -> .)
    ID              shift and go to state 10
    LER             shift and go to state 20
    ESCREVER        shift and go to state 21
    INICIO          shift and go to state 11
    SE              shift and go to state 22
    ENQUANTO        shift and go to state 23

    COMANDOS                       shift and go to state 12
    COMANDO                        shift and go to state 13
    ATRIBUICOES                    shift and go to state 14
    LEITURA                        shift and go to state 15
    ESCRITA                        shift and go to state 16
    COMPOSTO                       shift and go to state 17
    CONDICIONAL                    shift and go to state 18
    REPETICAO                      shift and go to state 19

state 8

    (2) DECLARACOES -> VAR IDS . COLON TIPO SEMI DECLARACOES

    COLON           shift and go to state 24


state 9

    (28) IDS -> ID . _IDS
    (29) _IDS -> . COMMA ID _IDS
    (30) _IDS -> .

    COMMA           shift and go to state 26
    COLON           reduce using rule 30 (_IDS -> .)
    RPAREN          reduce using rule 30 (_IDS -> .)

    _IDS                           shift and go to state 25

state 10

    (14) ATRIBUICOES -> ID . ATRIB EXPR

    ATRIB           shift and go to state 27


state 11

    (24) COMPOSTO -> INICIO . COMANDOS FIM
    (6) COMANDOS -> . COMANDO SEMI COMANDOS
    (7) COMANDOS -> .
    (8) COMANDO -> . ATRIBUICOES
    (9) COMANDO -> . LEITURA
    (10) COMANDO -> . ESCRITA
    (11) COMANDO -> . COMPOSTO
    (12) COMANDO -> . CONDICIONAL
    (13) COMANDO -> . REPETICAO
    (14) ATRIBUICOES -> . ID ATRIB EXPR
    (15) LEITURA -> . LER LPAREN IDS RPAREN
    (16) ESCRITA -> . ESCREVER LPAREN ESPR_STR RPAREN
    (24) COMPOSTO -> . INICIO COMANDOS FIM
    (25) CONDICIONAL -> . SE EXPR_LOGICA ENTAO COMANDOS SENAO COMANDOS FIM
    (26) CONDICIONAL -> . SE EXPR_LOGICA ENTAO COMANDOS FIM
    (27) REPETICAO -> . ENQUANTO EXPR_LOGICA FACA COMANDOS FIM

    FIM             reduce using rule 7 (COMANDOS -> .)
    ID              shift and go to state 10
    LER             shift and go to state 20
    ESCREVER        shift and go to state 21
    INICIO          shift and go to state 11
    SE              shift and go to state 22
    ENQUANTO        shift and go to state 23

    COMANDOS                       shift and go to state 28
    COMANDO                        shift and go to state 13
    ATRIBUICOES                    shift and go to state 14
    LEITURA                        shift and go to state 15
    ESCRITA                        shift and go to state 16
    COMPOSTO                       shift and go to state 17
    CONDICIONAL                    shift and go to state 18
    REPETICAO                      shift and go to state 19

state 12

    (1) PROG -> PROGRAMA ID SEMI DECLARACOES INICIO COMANDOS . FIM DOT

    FIM             shift and go to state 29


state 13

    (6) COMANDOS -> COMANDO . SEMI COMANDOS

    SEMI            shift and go to state 30


state 14

    (8) COMANDO -> ATRIBUICOES .

    SEMI            reduce using rule 8 (COMANDO -> ATRIBUICOES .)


state 15

    (9) COMANDO -> LEITURA .

    SEMI            reduce using rule 9 (COMANDO -> LEITURA .)


state 16

    (10) COMANDO -> ESCRITA .

    SEMI            reduce using rule 10 (COMANDO -> ESCRITA .)


state 17

    (11) COMANDO -> COMPOSTO .

    SEMI            reduce using rule 11 (COMANDO -> COMPOSTO .)


state 18

    (12) COMANDO -> CONDICIONAL .

    SEMI            reduce using rule 12 (COMANDO -> CONDICIONAL .)


state 19

    (13) COMANDO -> REPETICAO .

    SEMI            reduce using rule 13 (COMANDO -> REPETICAO .)


state 20

    (15) LEITURA -> LER . LPAREN IDS RPAREN

    LPAREN          shift and go to state 31


state 21

    (16) ESCRITA -> ESCREVER . LPAREN ESPR_STR RPAREN

    LPAREN          shift and go to state 32


state 22

    (25) CONDICIONAL -> SE . EXPR_LOGICA ENTAO COMANDOS SENAO COMANDOS FIM
    (26) CONDICIONAL -> SE . EXPR_LOGICA ENTAO COMANDOS FIM
    (45) EXPR_LOGICA -> . TERMO_LOGICO OR EXPR_LOGICA
    (46) EXPR_LOGICA -> . TERMO_LOGICO
    (47) TERMO_LOGICO -> . FATOR_LOGICO AND TERMO_LOGICO
    (48) TERMO_LOGICO -> . FATOR_LOGICO
    (49) FATOR_LOGICO -> . NOT FATOR_LOGICO
    (50) FATOR_LOGICO -> . RELACIONAL
    (51) FATOR_LOGICO -> . LPAREN EXPR_LOGICA RPAREN
    (52) FATOR_LOGICO -> . ID
    (53) FATOR_LOGICO -> . BOOL
    (54) RELACIONAL -> . EXPR OP_REL EXPR
    (31) EXPR -> . TERMO EXPR_
    (35) TERMO -> . FATOR TERMO_
    (39) FATOR -> . NUM
    (40) FATOR -> . ID
    (41) FATOR -> . LPAREN EXPR RPAREN
    (42) FATOR -> . MENOS FATOR
    (43) FATOR -> . COMMA FATOR
    (44) FATOR -> . BOOL

    NOT             shift and go to state 36
    LPAREN          shift and go to state 38
    ID              shift and go to state 39
    BOOL            shift and go to state 40
    NUM             shift and go to state 44
    MENOS           shift and go to state 45
    COMMA           shift and go to state 46

    EXPR_LOGICA                    shift and go to state 33
    TERMO_LOGICO                   shift and go to state 34
    FATOR_LOGICO                   shift and go to state 35
    RELACIONAL                     shift and go to state 37
    EXPR                           shift and go to state 41
    TERMO                          shift and go to state 42
    FATOR                          shift and go to state 43

state 23

    (27) REPETICAO -> ENQUANTO . EXPR_LOGICA FACA COMANDOS FIM
    (45) EXPR_LOGICA -> . TERMO_LOGICO OR EXPR_LOGICA
    (46) EXPR_LOGICA -> . TERMO_LOGICO
    (47) TERMO_LOGICO -> . FATOR_LOGICO AND TERMO_LOGICO
    (48) TERMO_LOGICO -> . FATOR_LOGICO
    (49) FATOR_LOGICO -> . NOT FATOR_LOGICO
    (50) FATOR_LOGICO -> . RELACIONAL
    (51) FATOR_LOGICO -> . LPAREN EXPR_LOGICA RPAREN
    (52) FATOR_LOGICO -> . ID
    (53) FATOR_LOGICO -> . BOOL
    (54) RELACIONAL -> . EXPR OP_REL EXPR
    (31) EXPR -> . TERMO EXPR_
    (35) TERMO -> . FATOR TERMO_
    (39) FATOR -> . NUM
    (40) FATOR -> . ID
    (41) FATOR -> . LPAREN EXPR RPAREN
    (42) FATOR -> . MENOS FATOR
    (43) FATOR -> . COMMA FATOR
    (44) FATOR -> . BOOL

    NOT             shift and go to state 36
    LPAREN          shift and go to state 38
    ID              shift and go to state 39
    BOOL            shift and go to state 40
    NUM             shift and go to state 44
    MENOS           shift and go to state 45
    COMMA           shift and go to state 46

    EXPR_LOGICA                    shift and go to state 47
    TERMO_LOGICO                   shift and go to state 34
    FATOR_LOGICO                   shift and go to state 35
    RELACIONAL                     shift and go to state 37
    EXPR                           shift and go to state 41
    TERMO                          shift and go to state 42
    FATOR                          shift and go to state 43

state 24

    (2) DECLARACOES -> VAR IDS COLON . TIPO SEMI DECLARACOES
    (4) TIPO -> . INTEIRO
    (5) TIPO -> . LOGICO

    INTEIRO         shift and go to state 49
    LOGICO          shift and go to state 50

    TIPO                           shift and go to state 48

state 25

    (28) IDS -> ID _IDS .

    COLON           reduce using rule 28 (IDS -> ID _IDS .)
    RPAREN          reduce using rule 28 (IDS -> ID _IDS .)


state 26

    (29) _IDS -> COMMA . ID _IDS

    ID              shift and go to state 51


state 27

    (14) ATRIBUICOES -> ID ATRIB . EXPR
    (31) EXPR -> . TERMO EXPR_
    (35) TERMO -> . FATOR TERMO_
    (39) FATOR -> . NUM
    (40) FATOR -> . ID
    (41) FATOR -> . LPAREN EXPR RPAREN
    (42) FATOR -> . MENOS FATOR
    (43) FATOR -> . COMMA FATOR
    (44) FATOR -> . BOOL

    NUM             shift and go to state 44
    ID              shift and go to state 52
    LPAREN          shift and go to state 54
    MENOS           shift and go to state 45
    COMMA           shift and go to state 46
    BOOL            shift and go to state 55

    EXPR                           shift and go to state 53
    TERMO                          shift and go to state 42
    FATOR                          shift and go to state 43

state 28

    (24) COMPOSTO -> INICIO COMANDOS . FIM

    FIM             shift and go to state 56


state 29

    (1) PROG -> PROGRAMA ID SEMI DECLARACOES INICIO COMANDOS FIM . DOT

    DOT             shift and go to state 57


state 30

    (6) COMANDOS -> COMANDO SEMI . COMANDOS
    (6) COMANDOS -> . COMANDO SEMI COMANDOS
    (7) COMANDOS -> .
    (8) COMANDO -> . ATRIBUICOES
    (9) COMANDO -> . LEITURA
    (10) COMANDO -> . ESCRITA
    (11) COMANDO -> . COMPOSTO
    (12) COMANDO -> . CONDICIONAL
    (13) COMANDO -> . REPETICAO
    (14) ATRIBUICOES -> . ID ATRIB EXPR
    (15) LEITURA -> . LER LPAREN IDS RPAREN
    (16) ESCRITA -> . ESCREVER LPAREN ESPR_STR RPAREN
    (24) COMPOSTO -> . INICIO COMANDOS FIM
    (25) CONDICIONAL -> . SE EXPR_LOGICA ENTAO COMANDOS SENAO COMANDOS FIM
    (26) CONDICIONAL -> . SE EXPR_LOGICA ENTAO COMANDOS FIM
    (27) REPETICAO -> . ENQUANTO EXPR_LOGICA FACA COMANDOS FIM

    FIM             reduce using rule 7 (COMANDOS -> .)
    SENAO           reduce using rule 7 (COMANDOS -> .)
    ID              shift and go to state 10
    LER             shift and go to state 20
    ESCREVER        shift and go to state 21
    INICIO          shift and go to state 11
    SE              shift and go to state 22
    ENQUANTO        shift and go to state 23

    COMANDO                        shift and go to state 13
    COMANDOS                       shift and go to state 58
    ATRIBUICOES                    shift and go to state 14
    LEITURA                        shift and go to state 15
    ESCRITA                        shift and go to state 16
    COMPOSTO                       shift and go to state 17
    CONDICIONAL                    shift and go to state 18
    REPETICAO                      shift and go to state 19

state 31

    (15) LEITURA -> LER LPAREN . IDS RPAREN
    (28) IDS -> . ID _IDS

    ID              shift and go to state 9

    IDS                            shift and go to state 59

state 32

    (16) ESCRITA -> ESCREVER LPAREN . ESPR_STR RPAREN
    (17) ESPR_STR -> . ITEM_ESCRITA ESPR_STR_
    (20) ITEM_ESCRITA -> . EXPR
    (21) ITEM_ESCRITA -> . EXPR_LOGICA
    (22) ITEM_ESCRITA -> . STR
    (23) ITEM_ESCRITA -> . ID
    (31) EXPR -> . TERMO EXPR_
    (45) EXPR_LOGICA -> . TERMO_LOGICO OR EXPR_LOGICA
    (46) EXPR_LOGICA -> . TERMO_LOGICO
    (35) TERMO -> . FATOR TERMO_
    (47) TERMO_LOGICO -> . FATOR_LOGICO AND TERMO_LOGICO
    (48) TERMO_LOGICO -> . FATOR_LOGICO
    (39) FATOR -> . NUM
    (40) FATOR -> . ID
    (41) FATOR -> . LPAREN EXPR RPAREN
    (42) FATOR -> . MENOS FATOR
    (43) FATOR -> . COMMA FATOR
    (44) FATOR -> . BOOL
    (49) FATOR_LOGICO -> . NOT FATOR_LOGICO
    (50) FATOR_LOGICO -> . RELACIONAL
    (51) FATOR_LOGICO -> . LPAREN EXPR_LOGICA RPAREN
    (52) FATOR_LOGICO -> . ID
    (53) FATOR_LOGICO -> . BOOL
    (54) RELACIONAL -> . EXPR OP_REL EXPR

    STR             shift and go to state 65
    ID              shift and go to state 66
    NUM             shift and go to state 44
    LPAREN          shift and go to state 60
    MENOS           shift and go to state 45
    COMMA           shift and go to state 46
    BOOL            shift and go to state 67
    NOT             shift and go to state 36

    ESPR_STR                       shift and go to state 61
    ITEM_ESCRITA                   shift and go to state 62
    EXPR                           shift and go to state 63
    EXPR_LOGICA                    shift and go to state 64
    TERMO                          shift and go to state 42
    TERMO_LOGICO                   shift and go to state 34
    FATOR                          shift and go to state 43
    FATOR_LOGICO                   shift and go to state 35
    RELACIONAL                     shift and go to state 37

state 33

    (25) CONDICIONAL -> SE EXPR_LOGICA . ENTAO COMANDOS SENAO COMANDOS FIM
    (26) CONDICIONAL -> SE EXPR_LOGICA . ENTAO COMANDOS FIM

    ENTAO           shift and go to state 68


state 34

    (45) EXPR_LOGICA -> TERMO_LOGICO . OR EXPR_LOGICA
    (46) EXPR_LOGICA -> TERMO_LOGICO .

    OR              shift and go to state 69
    ENTAO           reduce using rule 46 (EXPR_LOGICA -> TERMO_LOGICO .)
    FACA            reduce using rule 46 (EXPR_LOGICA -> TERMO_LOGICO .)
    COMMA           reduce using rule 46 (EXPR_LOGICA -> TERMO_LOGICO .)
    RPAREN          reduce using rule 46 (EXPR_LOGICA -> TERMO_LOGICO .)


state 35

    (47) TERMO_LOGICO -> FATOR_LOGICO . AND TERMO_LOGICO
    (48) TERMO_LOGICO -> FATOR_LOGICO .

    AND             shift and go to state 70
    OR              reduce using rule 48 (TERMO_LOGICO -> FATOR_LOGICO .)
    ENTAO           reduce using rule 48 (TERMO_LOGICO -> FATOR_LOGICO .)
    FACA            reduce using rule 48 (TERMO_LOGICO -> FATOR_LOGICO .)
    COMMA           reduce using rule 48 (TERMO_LOGICO -> FATOR_LOGICO .)
    RPAREN          reduce using rule 48 (TERMO_LOGICO -> FATOR_LOGICO .)


state 36

    (49) FATOR_LOGICO -> NOT . FATOR_LOGICO
    (49) FATOR_LOGICO -> . NOT FATOR_LOGICO
    (50) FATOR_LOGICO -> . RELACIONAL
    (51) FATOR_LOGICO -> . LPAREN EXPR_LOGICA RPAREN
    (52) FATOR_LOGICO -> . ID
    (53) FATOR_LOGICO -> . BOOL
    (54) RELACIONAL -> . EXPR OP_REL EXPR
    (31) EXPR -> . TERMO EXPR_
    (35) TERMO -> . FATOR TERMO_
    (39) FATOR -> . NUM
    (40) FATOR -> . ID
    (41) FATOR -> . LPAREN EXPR RPAREN
    (42) FATOR -> . MENOS FATOR
    (43) FATOR -> . COMMA FATOR
    (44) FATOR -> . BOOL

    NOT             shift and go to state 36
    LPAREN          shift and go to state 38
    ID              shift and go to state 39
    BOOL            shift and go to state 40
    NUM             shift and go to state 44
    MENOS           shift and go to state 45
    COMMA           shift and go to state 46

    FATOR_LOGICO                   shift and go to state 71
    RELACIONAL                     shift and go to state 37
    EXPR                           shift and go to state 41
    TERMO                          shift and go to state 42
    FATOR                          shift and go to state 43

state 37

    (50) FATOR_LOGICO -> RELACIONAL .

    AND             reduce using rule 50 (FATOR_LOGICO -> RELACIONAL .)
    OR              reduce using rule 50 (FATOR_LOGICO -> RELACIONAL .)
    ENTAO           reduce using rule 50 (FATOR_LOGICO -> RELACIONAL .)
    FACA            reduce using rule 50 (FATOR_LOGICO -> RELACIONAL .)
    COMMA           reduce using rule 50 (FATOR_LOGICO -> RELACIONAL .)
    RPAREN          reduce using rule 50 (FATOR_LOGICO -> RELACIONAL .)


state 38

    (51) FATOR_LOGICO -> LPAREN . EXPR_LOGICA RPAREN
    (41) FATOR -> LPAREN . EXPR RPAREN
    (45) EXPR_LOGICA -> . TERMO_LOGICO OR EXPR_LOGICA
    (46) EXPR_LOGICA -> . TERMO_LOGICO
    (31) EXPR -> . TERMO EXPR_
    (47) TERMO_LOGICO -> . FATOR_LOGICO AND TERMO_LOGICO
    (48) TERMO_LOGICO -> . FATOR_LOGICO
    (35) TERMO -> . FATOR TERMO_
    (49) FATOR_LOGICO -> . NOT FATOR_LOGICO
    (50) FATOR_LOGICO -> . RELACIONAL
    (51) FATOR_LOGICO -> . LPAREN EXPR_LOGICA RPAREN
    (52) FATOR_LOGICO -> . ID
    (53) FATOR_LOGICO -> . BOOL
    (39) FATOR -> . NUM
    (40) FATOR -> . ID
    (41) FATOR -> . LPAREN EXPR RPAREN
    (42) FATOR -> . MENOS FATOR
    (43) FATOR -> . COMMA FATOR
    (44) FATOR -> . BOOL
    (54) RELACIONAL -> . EXPR OP_REL EXPR

    NOT             shift and go to state 36
    LPAREN          shift and go to state 38
    ID              shift and go to state 39
    BOOL            shift and go to state 40
    NUM             shift and go to state 44
    MENOS           shift and go to state 45
    COMMA           shift and go to state 46

    EXPR_LOGICA                    shift and go to state 72
    EXPR                           shift and go to state 73
    TERMO_LOGICO                   shift and go to state 34
    TERMO                          shift and go to state 42
    FATOR_LOGICO                   shift and go to state 35
    FATOR                          shift and go to state 43
    RELACIONAL                     shift and go to state 37

state 39

    (52) FATOR_LOGICO -> ID .
    (40) FATOR -> ID .

  ! reduce/reduce conflict for RPAREN resolved using rule 40 (FATOR -> ID .)
    AND             reduce using rule 52 (FATOR_LOGICO -> ID .)
    OR              reduce using rule 52 (FATOR_LOGICO -> ID .)
    ENTAO           reduce using rule 52 (FATOR_LOGICO -> ID .)
    FACA            reduce using rule 52 (FATOR_LOGICO -> ID .)
    COMMA           reduce using rule 52 (FATOR_LOGICO -> ID .)
    VEZES           reduce using rule 40 (FATOR -> ID .)
    DIV             reduce using rule 40 (FATOR -> ID .)
    MAIS            reduce using rule 40 (FATOR -> ID .)
    MENOS           reduce using rule 40 (FATOR -> ID .)
    MENOR           reduce using rule 40 (FATOR -> ID .)
    MENORIG         reduce using rule 40 (FATOR -> ID .)
    MAIOR           reduce using rule 40 (FATOR -> ID .)
    MAIORIG         reduce using rule 40 (FATOR -> ID .)
    IGUAL           reduce using rule 40 (FATOR -> ID .)
    DIF             reduce using rule 40 (FATOR -> ID .)
    RPAREN          reduce using rule 40 (FATOR -> ID .)

  ! RPAREN          [ reduce using rule 52 (FATOR_LOGICO -> ID .) ]


state 40

    (53) FATOR_LOGICO -> BOOL .
    (44) FATOR -> BOOL .

  ! reduce/reduce conflict for RPAREN resolved using rule 44 (FATOR -> BOOL .)
    AND             reduce using rule 53 (FATOR_LOGICO -> BOOL .)
    OR              reduce using rule 53 (FATOR_LOGICO -> BOOL .)
    ENTAO           reduce using rule 53 (FATOR_LOGICO -> BOOL .)
    FACA            reduce using rule 53 (FATOR_LOGICO -> BOOL .)
    COMMA           reduce using rule 53 (FATOR_LOGICO -> BOOL .)
    VEZES           reduce using rule 44 (FATOR -> BOOL .)
    DIV             reduce using rule 44 (FATOR -> BOOL .)
    MAIS            reduce using rule 44 (FATOR -> BOOL .)
    MENOS           reduce using rule 44 (FATOR -> BOOL .)
    MENOR           reduce using rule 44 (FATOR -> BOOL .)
    MENORIG         reduce using rule 44 (FATOR -> BOOL .)
    MAIOR           reduce using rule 44 (FATOR -> BOOL .)
    MAIORIG         reduce using rule 44 (FATOR -> BOOL .)
    IGUAL           reduce using rule 44 (FATOR -> BOOL .)
    DIF             reduce using rule 44 (FATOR -> BOOL .)
    RPAREN          reduce using rule 44 (FATOR -> BOOL .)

  ! RPAREN          [ reduce using rule 53 (FATOR_LOGICO -> BOOL .) ]


state 41

    (54) RELACIONAL -> EXPR . OP_REL EXPR
    (55) OP_REL -> . MENOR
    (56) OP_REL -> . MENORIG
    (57) OP_REL -> . MAIOR
    (58) OP_REL -> . MAIORIG
    (59) OP_REL -> . IGUAL
    (60) OP_REL -> . DIF

    MENOR           shift and go to state 75
    MENORIG         shift and go to state 76
    MAIOR           shift and go to state 77
    MAIORIG         shift and go to state 78
    IGUAL           shift and go to state 79
    DIF             shift and go to state 80

    OP_REL                         shift and go to state 74

state 42

    (31) EXPR -> TERMO . EXPR_
    (32) EXPR_ -> . MAIS TERMO EXPR_
    (33) EXPR_ -> . MENOS TERMO EXPR_
    (34) EXPR_ -> .

    MAIS            shift and go to state 82
    MENOS           shift and go to state 83
    MENOR           reduce using rule 34 (EXPR_ -> .)
    MENORIG         reduce using rule 34 (EXPR_ -> .)
    MAIOR           reduce using rule 34 (EXPR_ -> .)
    MAIORIG         reduce using rule 34 (EXPR_ -> .)
    IGUAL           reduce using rule 34 (EXPR_ -> .)
    DIF             reduce using rule 34 (EXPR_ -> .)
    SEMI            reduce using rule 34 (EXPR_ -> .)
    COMMA           reduce using rule 34 (EXPR_ -> .)
    RPAREN          reduce using rule 34 (EXPR_ -> .)
    AND             reduce using rule 34 (EXPR_ -> .)
    OR              reduce using rule 34 (EXPR_ -> .)
    ENTAO           reduce using rule 34 (EXPR_ -> .)
    FACA            reduce using rule 34 (EXPR_ -> .)

    EXPR_                          shift and go to state 81

state 43

    (35) TERMO -> FATOR . TERMO_
    (36) TERMO_ -> . VEZES FATOR TERMO_
    (37) TERMO_ -> . DIV FATOR TERMO_
    (38) TERMO_ -> .

    VEZES           shift and go to state 85
    DIV             shift and go to state 86
    MAIS            reduce using rule 38 (TERMO_ -> .)
    MENOS           reduce using rule 38 (TERMO_ -> .)
    MENOR           reduce using rule 38 (TERMO_ -> .)
    MENORIG         reduce using rule 38 (TERMO_ -> .)
    MAIOR           reduce using rule 38 (TERMO_ -> .)
    MAIORIG         reduce using rule 38 (TERMO_ -> .)
    IGUAL           reduce using rule 38 (TERMO_ -> .)
    DIF             reduce using rule 38 (TERMO_ -> .)
    SEMI            reduce using rule 38 (TERMO_ -> .)
    COMMA           reduce using rule 38 (TERMO_ -> .)
    RPAREN          reduce using rule 38 (TERMO_ -> .)
    AND             reduce using rule 38 (TERMO_ -> .)
    OR              reduce using rule 38 (TERMO_ -> .)
    ENTAO           reduce using rule 38 (TERMO_ -> .)
    FACA            reduce using rule 38 (TERMO_ -> .)

    TERMO_                         shift and go to state 84

state 44

    (39) FATOR -> NUM .

    VEZES           reduce using rule 39 (FATOR -> NUM .)
    DIV             reduce using rule 39 (FATOR -> NUM .)
    MAIS            reduce using rule 39 (FATOR -> NUM .)
    MENOS           reduce using rule 39 (FATOR -> NUM .)
    MENOR           reduce using rule 39 (FATOR -> NUM .)
    MENORIG         reduce using rule 39 (FATOR -> NUM .)
    MAIOR           reduce using rule 39 (FATOR -> NUM .)
    MAIORIG         reduce using rule 39 (FATOR -> NUM .)
    IGUAL           reduce using rule 39 (FATOR -> NUM .)
    DIF             reduce using rule 39 (FATOR -> NUM .)
    SEMI            reduce using rule 39 (FATOR -> NUM .)
    COMMA           reduce using rule 39 (FATOR -> NUM .)
    RPAREN          reduce using rule 39 (FATOR -> NUM .)
    AND             reduce using rule 39 (FATOR -> NUM .)
    OR              reduce using rule 39 (FATOR -> NUM .)
    ENTAO           reduce using rule 39 (FATOR -> NUM .)
    FACA            reduce using rule 39 (FATOR -> NUM .)


state 45

    (42) FATOR -> MENOS . FATOR
    (39) FATOR -> . NUM
    (40) FATOR -> . ID
    (41) FATOR -> . LPAREN EXPR RPAREN
    (42) FATOR -> . MENOS FATOR
    (43) FATOR -> . COMMA FATOR
    (44) FATOR -> . BOOL

    NUM             shift and go to state 44
    ID              shift and go to state 52
    LPAREN          shift and go to state 54
    MENOS           shift and go to state 45
    COMMA           shift and go to state 46
    BOOL            shift and go to state 55

    FATOR                          shift and go to state 87

state 46

    (43) FATOR -> COMMA . FATOR
    (39) FATOR -> . NUM
    (40) FATOR -> . ID
    (41) FATOR -> . LPAREN EXPR RPAREN
    (42) FATOR -> . MENOS FATOR
    (43) FATOR -> . COMMA FATOR
    (44) FATOR -> . BOOL

    NUM             shift and go to state 44
    ID              shift and go to state 52
    LPAREN          shift and go to state 54
    MENOS           shift and go to state 45
    COMMA           shift and go to state 46
    BOOL            shift and go to state 55

    FATOR                          shift and go to state 88

state 47

    (27) REPETICAO -> ENQUANTO EXPR_LOGICA . FACA COMANDOS FIM

    FACA            shift and go to state 89


state 48

    (2) DECLARACOES -> VAR IDS COLON TIPO . SEMI DECLARACOES

    SEMI            shift and go to state 90


state 49

    (4) TIPO -> INTEIRO .

    SEMI            reduce using rule 4 (TIPO -> INTEIRO .)


state 50

    (5) TIPO -> LOGICO .

    SEMI            reduce using rule 5 (TIPO -> LOGICO .)


state 51

    (29) _IDS -> COMMA ID . _IDS
    (29) _IDS -> . COMMA ID _IDS
    (30) _IDS -> .

    COMMA           shift and go to state 26
    COLON           reduce using rule 30 (_IDS -> .)
    RPAREN          reduce using rule 30 (_IDS -> .)

    _IDS                           shift and go to state 91

state 52

    (40) FATOR -> ID .

    VEZES           reduce using rule 40 (FATOR -> ID .)
    DIV             reduce using rule 40 (FATOR -> ID .)
    MAIS            reduce using rule 40 (FATOR -> ID .)
    MENOS           reduce using rule 40 (FATOR -> ID .)
    SEMI            reduce using rule 40 (FATOR -> ID .)
    MENOR           reduce using rule 40 (FATOR -> ID .)
    MENORIG         reduce using rule 40 (FATOR -> ID .)
    MAIOR           reduce using rule 40 (FATOR -> ID .)
    MAIORIG         reduce using rule 40 (FATOR -> ID .)
    IGUAL           reduce using rule 40 (FATOR -> ID .)
    DIF             reduce using rule 40 (FATOR -> ID .)
    COMMA           reduce using rule 40 (FATOR -> ID .)
    RPAREN          reduce using rule 40 (FATOR -> ID .)
    AND             reduce using rule 40 (FATOR -> ID .)
    OR              reduce using rule 40 (FATOR -> ID .)
    ENTAO           reduce using rule 40 (FATOR -> ID .)
    FACA            reduce using rule 40 (FATOR -> ID .)


state 53

    (14) ATRIBUICOES -> ID ATRIB EXPR .

    SEMI            reduce using rule 14 (ATRIBUICOES -> ID ATRIB EXPR .)


state 54

    (41) FATOR -> LPAREN . EXPR RPAREN
    (31) EXPR -> . TERMO EXPR_
    (35) TERMO -> . FATOR TERMO_
    (39) FATOR -> . NUM
    (40) FATOR -> . ID
    (41) FATOR -> . LPAREN EXPR RPAREN
    (42) FATOR -> . MENOS FATOR
    (43) FATOR -> . COMMA FATOR
    (44) FATOR -> . BOOL

    NUM             shift and go to state 44
    ID              shift and go to state 52
    LPAREN          shift and go to state 54
    MENOS           shift and go to state 45
    COMMA           shift and go to state 46
    BOOL            shift and go to state 55

    EXPR                           shift and go to state 92
    TERMO                          shift and go to state 42
    FATOR                          shift and go to state 43

state 55

    (44) FATOR -> BOOL .

    VEZES           reduce using rule 44 (FATOR -> BOOL .)
    DIV             reduce using rule 44 (FATOR -> BOOL .)
    MAIS            reduce using rule 44 (FATOR -> BOOL .)
    MENOS           reduce using rule 44 (FATOR -> BOOL .)
    SEMI            reduce using rule 44 (FATOR -> BOOL .)
    MENOR           reduce using rule 44 (FATOR -> BOOL .)
    MENORIG         reduce using rule 44 (FATOR -> BOOL .)
    MAIOR           reduce using rule 44 (FATOR -> BOOL .)
    MAIORIG         reduce using rule 44 (FATOR -> BOOL .)
    IGUAL           reduce using rule 44 (FATOR -> BOOL .)
    DIF             reduce using rule 44 (FATOR -> BOOL .)
    COMMA           reduce using rule 44 (FATOR -> BOOL .)
    RPAREN          reduce using rule 44 (FATOR -> BOOL .)
    AND             reduce using rule 44 (FATOR -> BOOL .)
    OR              reduce using rule 44 (FATOR -> BOOL .)
    ENTAO           reduce using rule 44 (FATOR -> BOOL .)
    FACA            reduce using rule 44 (FATOR -> BOOL .)


state 56

    (24) COMPOSTO -> INICIO COMANDOS FIM .

    SEMI            reduce using rule 24 (COMPOSTO -> INICIO COMANDOS FIM .)


state 57

    (1) PROG -> PROGRAMA ID SEMI DECLARACOES INICIO COMANDOS FIM DOT .

    $end            reduce using rule 1 (PROG -> PROGRAMA ID SEMI DECLARACOES INICIO COMANDOS FIM DOT .)


state 58

    (6) COMANDOS -> COMANDO SEMI COMANDOS .

    FIM             reduce using rule 6 (COMANDOS -> COMANDO SEMI COMANDOS .)
    SENAO           reduce using rule 6 (COMANDOS -> COMANDO SEMI COMANDOS .)


state 59

    (15) LEITURA -> LER LPAREN IDS . RPAREN

    RPAREN          shift and go to state 93


state 60

    (41) FATOR -> LPAREN . EXPR RPAREN
    (51) FATOR_LOGICO -> LPAREN . EXPR_LOGICA RPAREN
    (31) EXPR -> . TERMO EXPR_
    (45) EXPR_LOGICA -> . TERMO_LOGICO OR EXPR_LOGICA
    (46) EXPR_LOGICA -> . TERMO_LOGICO
    (35) TERMO -> . FATOR TERMO_
    (47) TERMO_LOGICO -> . FATOR_LOGICO AND TERMO_LOGICO
    (48) TERMO_LOGICO -> . FATOR_LOGICO
    (39) FATOR -> . NUM
    (40) FATOR -> . ID
    (41) FATOR -> . LPAREN EXPR RPAREN
    (42) FATOR -> . MENOS FATOR
    (43) FATOR -> . COMMA FATOR
    (44) FATOR -> . BOOL
    (49) FATOR_LOGICO -> . NOT FATOR_LOGICO
    (50) FATOR_LOGICO -> . RELACIONAL
    (51) FATOR_LOGICO -> . LPAREN EXPR_LOGICA RPAREN
    (52) FATOR_LOGICO -> . ID
    (53) FATOR_LOGICO -> . BOOL
    (54) RELACIONAL -> . EXPR OP_REL EXPR

    NUM             shift and go to state 44
    ID              shift and go to state 94
    LPAREN          shift and go to state 60
    MENOS           shift and go to state 45
    COMMA           shift and go to state 46
    BOOL            shift and go to state 67
    NOT             shift and go to state 36

    EXPR                           shift and go to state 73
    EXPR_LOGICA                    shift and go to state 72
    TERMO                          shift and go to state 42
    TERMO_LOGICO                   shift and go to state 34
    FATOR                          shift and go to state 43
    FATOR_LOGICO                   shift and go to state 35
    RELACIONAL                     shift and go to state 37

state 61

    (16) ESCRITA -> ESCREVER LPAREN ESPR_STR . RPAREN

    RPAREN          shift and go to state 95


state 62

    (17) ESPR_STR -> ITEM_ESCRITA . ESPR_STR_
    (18) ESPR_STR_ -> . COMMA ITEM_ESCRITA ESPR_STR_
    (19) ESPR_STR_ -> .

    COMMA           shift and go to state 97
    RPAREN          reduce using rule 19 (ESPR_STR_ -> .)

    ESPR_STR_                      shift and go to state 96

state 63

    (20) ITEM_ESCRITA -> EXPR .
    (54) RELACIONAL -> EXPR . OP_REL EXPR
    (55) OP_REL -> . MENOR
    (56) OP_REL -> . MENORIG
    (57) OP_REL -> . MAIOR
    (58) OP_REL -> . MAIORIG
    (59) OP_REL -> . IGUAL
    (60) OP_REL -> . DIF

    COMMA           reduce using rule 20 (ITEM_ESCRITA -> EXPR .)
    RPAREN          reduce using rule 20 (ITEM_ESCRITA -> EXPR .)
    MENOR           shift and go to state 75
    MENORIG         shift and go to state 76
    MAIOR           shift and go to state 77
    MAIORIG         shift and go to state 78
    IGUAL           shift and go to state 79
    DIF             shift and go to state 80

    OP_REL                         shift and go to state 74

state 64

    (21) ITEM_ESCRITA -> EXPR_LOGICA .

    COMMA           reduce using rule 21 (ITEM_ESCRITA -> EXPR_LOGICA .)
    RPAREN          reduce using rule 21 (ITEM_ESCRITA -> EXPR_LOGICA .)


state 65

    (22) ITEM_ESCRITA -> STR .

    COMMA           reduce using rule 22 (ITEM_ESCRITA -> STR .)
    RPAREN          reduce using rule 22 (ITEM_ESCRITA -> STR .)


state 66

    (23) ITEM_ESCRITA -> ID .
    (40) FATOR -> ID .
    (52) FATOR_LOGICO -> ID .

  ! reduce/reduce conflict for COMMA resolved using rule 23 (ITEM_ESCRITA -> ID .)
  ! reduce/reduce conflict for RPAREN resolved using rule 23 (ITEM_ESCRITA -> ID .)
  ! reduce/reduce conflict for COMMA resolved using rule 23 (ITEM_ESCRITA -> ID .)
  ! reduce/reduce conflict for RPAREN resolved using rule 23 (ITEM_ESCRITA -> ID .)
    COMMA           reduce using rule 23 (ITEM_ESCRITA -> ID .)
    RPAREN          reduce using rule 23 (ITEM_ESCRITA -> ID .)
    VEZES           reduce using rule 40 (FATOR -> ID .)
    DIV             reduce using rule 40 (FATOR -> ID .)
    MAIS            reduce using rule 40 (FATOR -> ID .)
    MENOS           reduce using rule 40 (FATOR -> ID .)
    MENOR           reduce using rule 40 (FATOR -> ID .)
    MENORIG         reduce using rule 40 (FATOR -> ID .)
    MAIOR           reduce using rule 40 (FATOR -> ID .)
    MAIORIG         reduce using rule 40 (FATOR -> ID .)
    IGUAL           reduce using rule 40 (FATOR -> ID .)
    DIF             reduce using rule 40 (FATOR -> ID .)
    AND             reduce using rule 52 (FATOR_LOGICO -> ID .)
    OR              reduce using rule 52 (FATOR_LOGICO -> ID .)

  ! COMMA           [ reduce using rule 40 (FATOR -> ID .) ]
  ! RPAREN          [ reduce using rule 40 (FATOR -> ID .) ]
  ! COMMA           [ reduce using rule 52 (FATOR_LOGICO -> ID .) ]
  ! RPAREN          [ reduce using rule 52 (FATOR_LOGICO -> ID .) ]


state 67

    (44) FATOR -> BOOL .
    (53) FATOR_LOGICO -> BOOL .

  ! reduce/reduce conflict for COMMA resolved using rule 44 (FATOR -> BOOL .)
  ! reduce/reduce conflict for RPAREN resolved using rule 44 (FATOR -> BOOL .)
    VEZES           reduce using rule 44 (FATOR -> BOOL .)
    DIV             reduce using rule 44 (FATOR -> BOOL .)
    MAIS            reduce using rule 44 (FATOR -> BOOL .)
    MENOS           reduce using rule 44 (FATOR -> BOOL .)
    MENOR           reduce using rule 44 (FATOR -> BOOL .)
    MENORIG         reduce using rule 44 (FATOR -> BOOL .)
    MAIOR           reduce using rule 44 (FATOR -> BOOL .)
    MAIORIG         reduce using rule 44 (FATOR -> BOOL .)
    IGUAL           reduce using rule 44 (FATOR -> BOOL .)
    DIF             reduce using rule 44 (FATOR -> BOOL .)
    COMMA           reduce using rule 44 (FATOR -> BOOL .)
    RPAREN          reduce using rule 44 (FATOR -> BOOL .)
    AND             reduce using rule 53 (FATOR_LOGICO -> BOOL .)
    OR              reduce using rule 53 (FATOR_LOGICO -> BOOL .)

  ! COMMA           [ reduce using rule 53 (FATOR_LOGICO -> BOOL .) ]
  ! RPAREN          [ reduce using rule 53 (FATOR_LOGICO -> BOOL .) ]


state 68

    (25) CONDICIONAL -> SE EXPR_LOGICA ENTAO . COMANDOS SENAO COMANDOS FIM
    (26) CONDICIONAL -> SE EXPR_LOGICA ENTAO . COMANDOS FIM
    (6) COMANDOS -> . COMANDO SEMI COMANDOS
    (7) COMANDOS -> .
    (8) COMANDO -> . ATRIBUICOES
    (9) COMANDO -> . LEITURA
    (10) COMANDO -> . ESCRITA
    (11) COMANDO -> . COMPOSTO
    (12) COMANDO -> . CONDICIONAL
    (13) COMANDO -> . REPETICAO
    (14) ATRIBUICOES -> . ID ATRIB EXPR
    (15) LEITURA -> . LER LPAREN IDS RPAREN
    (16) ESCRITA -> . ESCREVER LPAREN ESPR_STR RPAREN
    (24) COMPOSTO -> . INICIO COMANDOS FIM
    (25) CONDICIONAL -> . SE EXPR_LOGICA ENTAO COMANDOS SENAO COMANDOS FIM
    (26) CONDICIONAL -> . SE EXPR_LOGICA ENTAO COMANDOS FIM
    (27) REPETICAO -> . ENQUANTO EXPR_LOGICA FACA COMANDOS FIM

    SENAO           reduce using rule 7 (COMANDOS -> .)
    FIM             reduce using rule 7 (COMANDOS -> .)
    ID              shift and go to state 10
    LER             shift and go to state 20
    ESCREVER        shift and go to state 21
    INICIO          shift and go to state 11
    SE              shift and go to state 22
    ENQUANTO        shift and go to state 23

    COMANDOS                       shift and go to state 98
    COMANDO                        shift and go to state 13
    ATRIBUICOES                    shift and go to state 14
    LEITURA                        shift and go to state 15
    ESCRITA                        shift and go to state 16
    COMPOSTO                       shift and go to state 17
    CONDICIONAL                    shift and go to state 18
    REPETICAO                      shift and go to state 19

state 69

    (45) EXPR_LOGICA -> TERMO_LOGICO OR . EXPR_LOGICA
    (45) EXPR_LOGICA -> . TERMO_LOGICO OR EXPR_LOGICA
    (46) EXPR_LOGICA -> . TERMO_LOGICO
    (47) TERMO_LOGICO -> . FATOR_LOGICO AND TERMO_LOGICO
    (48) TERMO_LOGICO -> . FATOR_LOGICO
    (49) FATOR_LOGICO -> . NOT FATOR_LOGICO
    (50) FATOR_LOGICO -> . RELACIONAL
    (51) FATOR_LOGICO -> . LPAREN EXPR_LOGICA RPAREN
    (52) FATOR_LOGICO -> . ID
    (53) FATOR_LOGICO -> . BOOL
    (54) RELACIONAL -> . EXPR OP_REL EXPR
    (31) EXPR -> . TERMO EXPR_
    (35) TERMO -> . FATOR TERMO_
    (39) FATOR -> . NUM
    (40) FATOR -> . ID
    (41) FATOR -> . LPAREN EXPR RPAREN
    (42) FATOR -> . MENOS FATOR
    (43) FATOR -> . COMMA FATOR
    (44) FATOR -> . BOOL

    NOT             shift and go to state 36
    LPAREN          shift and go to state 38
    ID              shift and go to state 39
    BOOL            shift and go to state 40
    NUM             shift and go to state 44
    MENOS           shift and go to state 45
    COMMA           shift and go to state 46

    TERMO_LOGICO                   shift and go to state 34
    EXPR_LOGICA                    shift and go to state 99
    FATOR_LOGICO                   shift and go to state 35
    RELACIONAL                     shift and go to state 37
    EXPR                           shift and go to state 41
    TERMO                          shift and go to state 42
    FATOR                          shift and go to state 43

state 70

    (47) TERMO_LOGICO -> FATOR_LOGICO AND . TERMO_LOGICO
    (47) TERMO_LOGICO -> . FATOR_LOGICO AND TERMO_LOGICO
    (48) TERMO_LOGICO -> . FATOR_LOGICO
    (49) FATOR_LOGICO -> . NOT FATOR_LOGICO
    (50) FATOR_LOGICO -> . RELACIONAL
    (51) FATOR_LOGICO -> . LPAREN EXPR_LOGICA RPAREN
    (52) FATOR_LOGICO -> . ID
    (53) FATOR_LOGICO -> . BOOL
    (54) RELACIONAL -> . EXPR OP_REL EXPR
    (31) EXPR -> . TERMO EXPR_
    (35) TERMO -> . FATOR TERMO_
    (39) FATOR -> . NUM
    (40) FATOR -> . ID
    (41) FATOR -> . LPAREN EXPR RPAREN
    (42) FATOR -> . MENOS FATOR
    (43) FATOR -> . COMMA FATOR
    (44) FATOR -> . BOOL

    NOT             shift and go to state 36
    LPAREN          shift and go to state 38
    ID              shift and go to state 39
    BOOL            shift and go to state 40
    NUM             shift and go to state 44
    MENOS           shift and go to state 45
    COMMA           shift and go to state 46

    FATOR_LOGICO                   shift and go to state 35
    TERMO_LOGICO                   shift and go to state 100
    RELACIONAL                     shift and go to state 37
    EXPR                           shift and go to state 41
    TERMO                          shift and go to state 42
    FATOR                          shift and go to state 43

state 71

    (49) FATOR_LOGICO -> NOT FATOR_LOGICO .

    AND             reduce using rule 49 (FATOR_LOGICO -> NOT FATOR_LOGICO .)
    OR              reduce using rule 49 (FATOR_LOGICO -> NOT FATOR_LOGICO .)
    ENTAO           reduce using rule 49 (FATOR_LOGICO -> NOT FATOR_LOGICO .)
    FACA            reduce using rule 49 (FATOR_LOGICO -> NOT FATOR_LOGICO .)
    COMMA           reduce using rule 49 (FATOR_LOGICO -> NOT FATOR_LOGICO .)
    RPAREN          reduce using rule 49 (FATOR_LOGICO -> NOT FATOR_LOGICO .)


state 72

    (51) FATOR_LOGICO -> LPAREN EXPR_LOGICA . RPAREN

    RPAREN          shift and go to state 101


state 73

    (41) FATOR -> LPAREN EXPR . RPAREN
    (54) RELACIONAL -> EXPR . OP_REL EXPR
    (55) OP_REL -> . MENOR
    (56) OP_REL -> . MENORIG
    (57) OP_REL -> . MAIOR
    (58) OP_REL -> . MAIORIG
    (59) OP_REL -> . IGUAL
    (60) OP_REL -> . DIF

    RPAREN          shift and go to state 102
    MENOR           shift and go to state 75
    MENORIG         shift and go to state 76
    MAIOR           shift and go to state 77
    MAIORIG         shift and go to state 78
    IGUAL           shift and go to state 79
    DIF             shift and go to state 80

    OP_REL                         shift and go to state 74

state 74

    (54) RELACIONAL -> EXPR OP_REL . EXPR
    (31) EXPR -> . TERMO EXPR_
    (35) TERMO -> . FATOR TERMO_
    (39) FATOR -> . NUM
    (40) FATOR -> . ID
    (41) FATOR -> . LPAREN EXPR RPAREN
    (42) FATOR -> . MENOS FATOR
    (43) FATOR -> . COMMA FATOR
    (44) FATOR -> . BOOL

    NUM             shift and go to state 44
    ID              shift and go to state 52
    LPAREN          shift and go to state 54
    MENOS           shift and go to state 45
    COMMA           shift and go to state 46
    BOOL            shift and go to state 55

    EXPR                           shift and go to state 103
    TERMO                          shift and go to state 42
    FATOR                          shift and go to state 43

state 75

    (55) OP_REL -> MENOR .

    NUM             reduce using rule 55 (OP_REL -> MENOR .)
    ID              reduce using rule 55 (OP_REL -> MENOR .)
    LPAREN          reduce using rule 55 (OP_REL -> MENOR .)
    MENOS           reduce using rule 55 (OP_REL -> MENOR .)
    COMMA           reduce using rule 55 (OP_REL -> MENOR .)
    BOOL            reduce using rule 55 (OP_REL -> MENOR .)


state 76

    (56) OP_REL -> MENORIG .

    NUM             reduce using rule 56 (OP_REL -> MENORIG .)
    ID              reduce using rule 56 (OP_REL -> MENORIG .)
    LPAREN          reduce using rule 56 (OP_REL -> MENORIG .)
    MENOS           reduce using rule 56 (OP_REL -> MENORIG .)
    COMMA           reduce using rule 56 (OP_REL -> MENORIG .)
    BOOL            reduce using rule 56 (OP_REL -> MENORIG .)


state 77

    (57) OP_REL -> MAIOR .

    NUM             reduce using rule 57 (OP_REL -> MAIOR .)
    ID              reduce using rule 57 (OP_REL -> MAIOR .)
    LPAREN          reduce using rule 57 (OP_REL -> MAIOR .)
    MENOS           reduce using rule 57 (OP_REL -> MAIOR .)
    COMMA           reduce using rule 57 (OP_REL -> MAIOR .)
    BOOL            reduce using rule 57 (OP_REL -> MAIOR .)


state 78

    (58) OP_REL -> MAIORIG .

    NUM             reduce using rule 58 (OP_REL -> MAIORIG .)
    ID              reduce using rule 58 (OP_REL -> MAIORIG .)
    LPAREN          reduce using rule 58 (OP_REL -> MAIORIG .)
    MENOS           reduce using rule 58 (OP_REL -> MAIORIG .)
    COMMA           reduce using rule 58 (OP_REL -> MAIORIG .)
    BOOL            reduce using rule 58 (OP_REL -> MAIORIG .)


state 79

    (59) OP_REL -> IGUAL .

    NUM             reduce using rule 59 (OP_REL -> IGUAL .)
    ID              reduce using rule 59 (OP_REL -> IGUAL .)
    LPAREN          reduce using rule 59 (OP_REL -> IGUAL .)
    MENOS           reduce using rule 59 (OP_REL -> IGUAL .)
    COMMA           reduce using rule 59 (OP_REL -> IGUAL .)
    BOOL            reduce using rule 59 (OP_REL -> IGUAL .)


state 80

    (60) OP_REL -> DIF .

    NUM             reduce using rule 60 (OP_REL -> DIF .)
    ID              reduce using rule 60 (OP_REL -> DIF .)
    LPAREN          reduce using rule 60 (OP_REL -> DIF .)
    MENOS           reduce using rule 60 (OP_REL -> DIF .)
    COMMA           reduce using rule 60 (OP_REL -> DIF .)
    BOOL            reduce using rule 60 (OP_REL -> DIF .)


state 81

    (31) EXPR -> TERMO EXPR_ .

    MENOR           reduce using rule 31 (EXPR -> TERMO EXPR_ .)
    MENORIG         reduce using rule 31 (EXPR -> TERMO EXPR_ .)
    MAIOR           reduce using rule 31 (EXPR -> TERMO EXPR_ .)
    MAIORIG         reduce using rule 31 (EXPR -> TERMO EXPR_ .)
    IGUAL           reduce using rule 31 (EXPR -> TERMO EXPR_ .)
    DIF             reduce using rule 31 (EXPR -> TERMO EXPR_ .)
    SEMI            reduce using rule 31 (EXPR -> TERMO EXPR_ .)
    COMMA           reduce using rule 31 (EXPR -> TERMO EXPR_ .)
    RPAREN          reduce using rule 31 (EXPR -> TERMO EXPR_ .)
    AND             reduce using rule 31 (EXPR -> TERMO EXPR_ .)
    OR              reduce using rule 31 (EXPR -> TERMO EXPR_ .)
    ENTAO           reduce using rule 31 (EXPR -> TERMO EXPR_ .)
    FACA            reduce using rule 31 (EXPR -> TERMO EXPR_ .)


state 82

    (32) EXPR_ -> MAIS . TERMO EXPR_
    (35) TERMO -> . FATOR TERMO_
    (39) FATOR -> . NUM
    (40) FATOR -> . ID
    (41) FATOR -> . LPAREN EXPR RPAREN
    (42) FATOR -> . MENOS FATOR
    (43) FATOR -> . COMMA FATOR
    (44) FATOR -> . BOOL

    NUM             shift and go to state 44
    ID              shift and go to state 52
    LPAREN          shift and go to state 54
    MENOS           shift and go to state 45
    COMMA           shift and go to state 46
    BOOL            shift and go to state 55

    TERMO                          shift and go to state 104
    FATOR                          shift and go to state 43

state 83

    (33) EXPR_ -> MENOS . TERMO EXPR_
    (35) TERMO -> . FATOR TERMO_
    (39) FATOR -> . NUM
    (40) FATOR -> . ID
    (41) FATOR -> . LPAREN EXPR RPAREN
    (42) FATOR -> . MENOS FATOR
    (43) FATOR -> . COMMA FATOR
    (44) FATOR -> . BOOL

    NUM             shift and go to state 44
    ID              shift and go to state 52
    LPAREN          shift and go to state 54
    MENOS           shift and go to state 45
    COMMA           shift and go to state 46
    BOOL            shift and go to state 55

    TERMO                          shift and go to state 105
    FATOR                          shift and go to state 43

state 84

    (35) TERMO -> FATOR TERMO_ .

    MAIS            reduce using rule 35 (TERMO -> FATOR TERMO_ .)
    MENOS           reduce using rule 35 (TERMO -> FATOR TERMO_ .)
    MENOR           reduce using rule 35 (TERMO -> FATOR TERMO_ .)
    MENORIG         reduce using rule 35 (TERMO -> FATOR TERMO_ .)
    MAIOR           reduce using rule 35 (TERMO -> FATOR TERMO_ .)
    MAIORIG         reduce using rule 35 (TERMO -> FATOR TERMO_ .)
    IGUAL           reduce using rule 35 (TERMO -> FATOR TERMO_ .)
    DIF             reduce using rule 35 (TERMO -> FATOR TERMO_ .)
    SEMI            reduce using rule 35 (TERMO -> FATOR TERMO_ .)
    COMMA           reduce using rule 35 (TERMO -> FATOR TERMO_ .)
    RPAREN          reduce using rule 35 (TERMO -> FATOR TERMO_ .)
    AND             reduce using rule 35 (TERMO -> FATOR TERMO_ .)
    OR              reduce using rule 35 (TERMO -> FATOR TERMO_ .)
    ENTAO           reduce using rule 35 (TERMO -> FATOR TERMO_ .)
    FACA            reduce using rule 35 (TERMO -> FATOR TERMO_ .)


state 85

    (36) TERMO_ -> VEZES . FATOR TERMO_
    (39) FATOR -> . NUM
    (40) FATOR -> . ID
    (41) FATOR -> . LPAREN EXPR RPAREN
    (42) FATOR -> . MENOS FATOR
    (43) FATOR -> . COMMA FATOR
    (44) FATOR -> . BOOL

    NUM             shift and go to state 44
    ID              shift and go to state 52
    LPAREN          shift and go to state 54
    MENOS           shift and go to state 45
    COMMA           shift and go to state 46
    BOOL            shift and go to state 55

    FATOR                          shift and go to state 106

state 86

    (37) TERMO_ -> DIV . FATOR TERMO_
    (39) FATOR -> . NUM
    (40) FATOR -> . ID
    (41) FATOR -> . LPAREN EXPR RPAREN
    (42) FATOR -> . MENOS FATOR
    (43) FATOR -> . COMMA FATOR
    (44) FATOR -> . BOOL

    NUM             shift and go to state 44
    ID              shift and go to state 52
    LPAREN          shift and go to state 54
    MENOS           shift and go to state 45
    COMMA           shift and go to state 46
    BOOL            shift and go to state 55

    FATOR                          shift and go to state 107

state 87

    (42) FATOR -> MENOS FATOR .

    VEZES           reduce using rule 42 (FATOR -> MENOS FATOR .)
    DIV             reduce using rule 42 (FATOR -> MENOS FATOR .)
    MAIS            reduce using rule 42 (FATOR -> MENOS FATOR .)
    MENOS           reduce using rule 42 (FATOR -> MENOS FATOR .)
    MENOR           reduce using rule 42 (FATOR -> MENOS FATOR .)
    MENORIG         reduce using rule 42 (FATOR -> MENOS FATOR .)
    MAIOR           reduce using rule 42 (FATOR -> MENOS FATOR .)
    MAIORIG         reduce using rule 42 (FATOR -> MENOS FATOR .)
    IGUAL           reduce using rule 42 (FATOR -> MENOS FATOR .)
    DIF             reduce using rule 42 (FATOR -> MENOS FATOR .)
    SEMI            reduce using rule 42 (FATOR -> MENOS FATOR .)
    COMMA           reduce using rule 42 (FATOR -> MENOS FATOR .)
    RPAREN          reduce using rule 42 (FATOR -> MENOS FATOR .)
    AND             reduce using rule 42 (FATOR -> MENOS FATOR .)
    OR              reduce using rule 42 (FATOR -> MENOS FATOR .)
    ENTAO           reduce using rule 42 (FATOR -> MENOS FATOR .)
    FACA            reduce using rule 42 (FATOR -> MENOS FATOR .)


state 88

    (43) FATOR -> COMMA FATOR .

    VEZES           reduce using rule 43 (FATOR -> COMMA FATOR .)
    DIV             reduce using rule 43 (FATOR -> COMMA FATOR .)
    MAIS            reduce using rule 43 (FATOR -> COMMA FATOR .)
    MENOS           reduce using rule 43 (FATOR -> COMMA FATOR .)
    MENOR           reduce using rule 43 (FATOR -> COMMA FATOR .)
    MENORIG         reduce using rule 43 (FATOR -> COMMA FATOR .)
    MAIOR           reduce using rule 43 (FATOR -> COMMA FATOR .)
    MAIORIG         reduce using rule 43 (FATOR -> COMMA FATOR .)
    IGUAL           reduce using rule 43 (FATOR -> COMMA FATOR .)
    DIF             reduce using rule 43 (FATOR -> COMMA FATOR .)
    SEMI            reduce using rule 43 (FATOR -> COMMA FATOR .)
    COMMA           reduce using rule 43 (FATOR -> COMMA FATOR .)
    RPAREN          reduce using rule 43 (FATOR -> COMMA FATOR .)
    AND             reduce using rule 43 (FATOR -> COMMA FATOR .)
    OR              reduce using rule 43 (FATOR -> COMMA FATOR .)
    ENTAO           reduce using rule 43 (FATOR -> COMMA FATOR .)
    FACA            reduce using rule 43 (FATOR -> COMMA FATOR .)


state 89

    (27) REPETICAO -> ENQUANTO EXPR_LOGICA FACA . COMANDOS FIM
    (6) COMANDOS -> . COMANDO SEMI COMANDOS
    (7) COMANDOS -> .
    (8) COMANDO -> . ATRIBUICOES
    (9) COMANDO -> . LEITURA
    (10) COMANDO -> . ESCRITA
    (11) COMANDO -> . COMPOSTO
    (12) COMANDO -> . CONDICIONAL
    (13) COMANDO -> . REPETICAO
    (14) ATRIBUICOES -> . ID ATRIB EXPR
    (15) LEITURA -> . LER LPAREN IDS RPAREN
    (16) ESCRITA -> . ESCREVER LPAREN ESPR_STR RPAREN
    (24) COMPOSTO -> . INICIO COMANDOS FIM
    (25) CONDICIONAL -> . SE EXPR_LOGICA ENTAO COMANDOS SENAO COMANDOS FIM
    (26) CONDICIONAL -> . SE EXPR_LOGICA ENTAO COMANDOS FIM
    (27) REPETICAO -> . ENQUANTO EXPR_LOGICA FACA COMANDOS FIM

    FIM             reduce using rule 7 (COMANDOS -> .)
    ID              shift and go to state 10
    LER             shift and go to state 20
    ESCREVER        shift and go to state 21
    INICIO          shift and go to state 11
    SE              shift and go to state 22
    ENQUANTO        shift and go to state 23

    COMANDOS                       shift and go to state 108
    COMANDO                        shift and go to state 13
    ATRIBUICOES                    shift and go to state 14
    LEITURA                        shift and go to state 15
    ESCRITA                        shift and go to state 16
    COMPOSTO                       shift and go to state 17
    CONDICIONAL                    shift and go to state 18
    REPETICAO                      shift and go to state 19

state 90

    (2) DECLARACOES -> VAR IDS COLON TIPO SEMI . DECLARACOES
    (2) DECLARACOES -> . VAR IDS COLON TIPO SEMI DECLARACOES
    (3) DECLARACOES -> .

    VAR             shift and go to state 6
    INICIO          reduce using rule 3 (DECLARACOES -> .)

    DECLARACOES                    shift and go to state 109

state 91

    (29) _IDS -> COMMA ID _IDS .

    COLON           reduce using rule 29 (_IDS -> COMMA ID _IDS .)
    RPAREN          reduce using rule 29 (_IDS -> COMMA ID _IDS .)


state 92

    (41) FATOR -> LPAREN EXPR . RPAREN

    RPAREN          shift and go to state 102


state 93

    (15) LEITURA -> LER LPAREN IDS RPAREN .

    SEMI            reduce using rule 15 (LEITURA -> LER LPAREN IDS RPAREN .)


state 94

    (40) FATOR -> ID .
    (52) FATOR_LOGICO -> ID .

  ! reduce/reduce conflict for RPAREN resolved using rule 40 (FATOR -> ID .)
    VEZES           reduce using rule 40 (FATOR -> ID .)
    DIV             reduce using rule 40 (FATOR -> ID .)
    MAIS            reduce using rule 40 (FATOR -> ID .)
    MENOS           reduce using rule 40 (FATOR -> ID .)
    RPAREN          reduce using rule 40 (FATOR -> ID .)
    MENOR           reduce using rule 40 (FATOR -> ID .)
    MENORIG         reduce using rule 40 (FATOR -> ID .)
    MAIOR           reduce using rule 40 (FATOR -> ID .)
    MAIORIG         reduce using rule 40 (FATOR -> ID .)
    IGUAL           reduce using rule 40 (FATOR -> ID .)
    DIF             reduce using rule 40 (FATOR -> ID .)
    AND             reduce using rule 52 (FATOR_LOGICO -> ID .)
    OR              reduce using rule 52 (FATOR_LOGICO -> ID .)

  ! RPAREN          [ reduce using rule 52 (FATOR_LOGICO -> ID .) ]


state 95

    (16) ESCRITA -> ESCREVER LPAREN ESPR_STR RPAREN .

    SEMI            reduce using rule 16 (ESCRITA -> ESCREVER LPAREN ESPR_STR RPAREN .)


state 96

    (17) ESPR_STR -> ITEM_ESCRITA ESPR_STR_ .

    RPAREN          reduce using rule 17 (ESPR_STR -> ITEM_ESCRITA ESPR_STR_ .)


state 97

    (18) ESPR_STR_ -> COMMA . ITEM_ESCRITA ESPR_STR_
    (20) ITEM_ESCRITA -> . EXPR
    (21) ITEM_ESCRITA -> . EXPR_LOGICA
    (22) ITEM_ESCRITA -> . STR
    (23) ITEM_ESCRITA -> . ID
    (31) EXPR -> . TERMO EXPR_
    (45) EXPR_LOGICA -> . TERMO_LOGICO OR EXPR_LOGICA
    (46) EXPR_LOGICA -> . TERMO_LOGICO
    (35) TERMO -> . FATOR TERMO_
    (47) TERMO_LOGICO -> . FATOR_LOGICO AND TERMO_LOGICO
    (48) TERMO_LOGICO -> . FATOR_LOGICO
    (39) FATOR -> . NUM
    (40) FATOR -> . ID
    (41) FATOR -> . LPAREN EXPR RPAREN
    (42) FATOR -> . MENOS FATOR
    (43) FATOR -> . COMMA FATOR
    (44) FATOR -> . BOOL
    (49) FATOR_LOGICO -> . NOT FATOR_LOGICO
    (50) FATOR_LOGICO -> . RELACIONAL
    (51) FATOR_LOGICO -> . LPAREN EXPR_LOGICA RPAREN
    (52) FATOR_LOGICO -> . ID
    (53) FATOR_LOGICO -> . BOOL
    (54) RELACIONAL -> . EXPR OP_REL EXPR

    STR             shift and go to state 65
    ID              shift and go to state 66
    NUM             shift and go to state 44
    LPAREN          shift and go to state 60
    MENOS           shift and go to state 45
    COMMA           shift and go to state 46
    BOOL            shift and go to state 67
    NOT             shift and go to state 36

    ITEM_ESCRITA                   shift and go to state 110
    EXPR                           shift and go to state 63
    EXPR_LOGICA                    shift and go to state 64
    TERMO                          shift and go to state 42
    TERMO_LOGICO                   shift and go to state 34
    FATOR                          shift and go to state 43
    FATOR_LOGICO                   shift and go to state 35
    RELACIONAL                     shift and go to state 37

state 98

    (25) CONDICIONAL -> SE EXPR_LOGICA ENTAO COMANDOS . SENAO COMANDOS FIM
    (26) CONDICIONAL -> SE EXPR_LOGICA ENTAO COMANDOS . FIM

    SENAO           shift and go to state 111
    FIM             shift and go to state 112


state 99

    (45) EXPR_LOGICA -> TERMO_LOGICO OR EXPR_LOGICA .

    ENTAO           reduce using rule 45 (EXPR_LOGICA -> TERMO_LOGICO OR EXPR_LOGICA .)
    FACA            reduce using rule 45 (EXPR_LOGICA -> TERMO_LOGICO OR EXPR_LOGICA .)
    COMMA           reduce using rule 45 (EXPR_LOGICA -> TERMO_LOGICO OR EXPR_LOGICA .)
    RPAREN          reduce using rule 45 (EXPR_LOGICA -> TERMO_LOGICO OR EXPR_LOGICA .)


state 100

    (47) TERMO_LOGICO -> FATOR_LOGICO AND TERMO_LOGICO .

    OR              reduce using rule 47 (TERMO_LOGICO -> FATOR_LOGICO AND TERMO_LOGICO .)
    ENTAO           reduce using rule 47 (TERMO_LOGICO -> FATOR_LOGICO AND TERMO_LOGICO .)
    FACA            reduce using rule 47 (TERMO_LOGICO -> FATOR_LOGICO AND TERMO_LOGICO .)
    COMMA           reduce using rule 47 (TERMO_LOGICO -> FATOR_LOGICO AND TERMO_LOGICO .)
    RPAREN          reduce using rule 47 (TERMO_LOGICO -> FATOR_LOGICO AND TERMO_LOGICO .)


state 101

    (51) FATOR_LOGICO -> LPAREN EXPR_LOGICA RPAREN .

    AND             reduce using rule 51 (FATOR_LOGICO -> LPAREN EXPR_LOGICA RPAREN .)
    OR              reduce using rule 51 (FATOR_LOGICO -> LPAREN EXPR_LOGICA RPAREN .)
    ENTAO           reduce using rule 51 (FATOR_LOGICO -> LPAREN EXPR_LOGICA RPAREN .)
    FACA            reduce using rule 51 (FATOR_LOGICO -> LPAREN EXPR_LOGICA RPAREN .)
    COMMA           reduce using rule 51 (FATOR_LOGICO -> LPAREN EXPR_LOGICA RPAREN .)
    RPAREN          reduce using rule 51 (FATOR_LOGICO -> LPAREN EXPR_LOGICA RPAREN .)


state 102

    (41) FATOR -> LPAREN EXPR RPAREN .

    VEZES           reduce using rule 41 (FATOR -> LPAREN EXPR RPAREN .)
    DIV             reduce using rule 41 (FATOR -> LPAREN EXPR RPAREN .)
    MAIS            reduce using rule 41 (FATOR -> LPAREN EXPR RPAREN .)
    MENOS           reduce using rule 41 (FATOR -> LPAREN EXPR RPAREN .)
    MENOR           reduce using rule 41 (FATOR -> LPAREN EXPR RPAREN .)
    MENORIG         reduce using rule 41 (FATOR -> LPAREN EXPR RPAREN .)
    MAIOR           reduce using rule 41 (FATOR -> LPAREN EXPR RPAREN .)
    MAIORIG         reduce using rule 41 (FATOR -> LPAREN EXPR RPAREN .)
    IGUAL           reduce using rule 41 (FATOR -> LPAREN EXPR RPAREN .)
    DIF             reduce using rule 41 (FATOR -> LPAREN EXPR RPAREN .)
    SEMI            reduce using rule 41 (FATOR -> LPAREN EXPR RPAREN .)
    COMMA           reduce using rule 41 (FATOR -> LPAREN EXPR RPAREN .)
    RPAREN          reduce using rule 41 (FATOR -> LPAREN EXPR RPAREN .)
    AND             reduce using rule 41 (FATOR -> LPAREN EXPR RPAREN .)
    OR              reduce using rule 41 (FATOR -> LPAREN EXPR RPAREN .)
    ENTAO           reduce using rule 41 (FATOR -> LPAREN EXPR RPAREN .)
    FACA            reduce using rule 41 (FATOR -> LPAREN EXPR RPAREN .)


state 103

    (54) RELACIONAL -> EXPR OP_REL EXPR .

    AND             reduce using rule 54 (RELACIONAL -> EXPR OP_REL EXPR .)
    OR              reduce using rule 54 (RELACIONAL -> EXPR OP_REL EXPR .)
    ENTAO           reduce using rule 54 (RELACIONAL -> EXPR OP_REL EXPR .)
    FACA            reduce using rule 54 (RELACIONAL -> EXPR OP_REL EXPR .)
    COMMA           reduce using rule 54 (RELACIONAL -> EXPR OP_REL EXPR .)
    RPAREN          reduce using rule 54 (RELACIONAL -> EXPR OP_REL EXPR .)


state 104

    (32) EXPR_ -> MAIS TERMO . EXPR_
    (32) EXPR_ -> . MAIS TERMO EXPR_
    (33) EXPR_ -> . MENOS TERMO EXPR_
    (34) EXPR_ -> .

    MAIS            shift and go to state 82
    MENOS           shift and go to state 83
    MENOR           reduce using rule 34 (EXPR_ -> .)
    MENORIG         reduce using rule 34 (EXPR_ -> .)
    MAIOR           reduce using rule 34 (EXPR_ -> .)
    MAIORIG         reduce using rule 34 (EXPR_ -> .)
    IGUAL           reduce using rule 34 (EXPR_ -> .)
    DIF             reduce using rule 34 (EXPR_ -> .)
    SEMI            reduce using rule 34 (EXPR_ -> .)
    COMMA           reduce using rule 34 (EXPR_ -> .)
    RPAREN          reduce using rule 34 (EXPR_ -> .)
    AND             reduce using rule 34 (EXPR_ -> .)
    OR              reduce using rule 34 (EXPR_ -> .)
    ENTAO           reduce using rule 34 (EXPR_ -> .)
    FACA            reduce using rule 34 (EXPR_ -> .)

    EXPR_                          shift and go to state 113

state 105

    (33) EXPR_ -> MENOS TERMO . EXPR_
    (32) EXPR_ -> . MAIS TERMO EXPR_
    (33) EXPR_ -> . MENOS TERMO EXPR_
    (34) EXPR_ -> .

    MAIS            shift and go to state 82
    MENOS           shift and go to state 83
    MENOR           reduce using rule 34 (EXPR_ -> .)
    MENORIG         reduce using rule 34 (EXPR_ -> .)
    MAIOR           reduce using rule 34 (EXPR_ -> .)
    MAIORIG         reduce using rule 34 (EXPR_ -> .)
    IGUAL           reduce using rule 34 (EXPR_ -> .)
    DIF             reduce using rule 34 (EXPR_ -> .)
    SEMI            reduce using rule 34 (EXPR_ -> .)
    COMMA           reduce using rule 34 (EXPR_ -> .)
    RPAREN          reduce using rule 34 (EXPR_ -> .)
    AND             reduce using rule 34 (EXPR_ -> .)
    OR              reduce using rule 34 (EXPR_ -> .)
    ENTAO           reduce using rule 34 (EXPR_ -> .)
    FACA            reduce using rule 34 (EXPR_ -> .)

    EXPR_                          shift and go to state 114

state 106

    (36) TERMO_ -> VEZES FATOR . TERMO_
    (36) TERMO_ -> . VEZES FATOR TERMO_
    (37) TERMO_ -> . DIV FATOR TERMO_
    (38) TERMO_ -> .

    VEZES           shift and go to state 85
    DIV             shift and go to state 86
    MAIS            reduce using rule 38 (TERMO_ -> .)
    MENOS           reduce using rule 38 (TERMO_ -> .)
    MENOR           reduce using rule 38 (TERMO_ -> .)
    MENORIG         reduce using rule 38 (TERMO_ -> .)
    MAIOR           reduce using rule 38 (TERMO_ -> .)
    MAIORIG         reduce using rule 38 (TERMO_ -> .)
    IGUAL           reduce using rule 38 (TERMO_ -> .)
    DIF             reduce using rule 38 (TERMO_ -> .)
    SEMI            reduce using rule 38 (TERMO_ -> .)
    COMMA           reduce using rule 38 (TERMO_ -> .)
    RPAREN          reduce using rule 38 (TERMO_ -> .)
    AND             reduce using rule 38 (TERMO_ -> .)
    OR              reduce using rule 38 (TERMO_ -> .)
    ENTAO           reduce using rule 38 (TERMO_ -> .)
    FACA            reduce using rule 38 (TERMO_ -> .)

    TERMO_                         shift and go to state 115

state 107

    (37) TERMO_ -> DIV FATOR . TERMO_
    (36) TERMO_ -> . VEZES FATOR TERMO_
    (37) TERMO_ -> . DIV FATOR TERMO_
    (38) TERMO_ -> .

    VEZES           shift and go to state 85
    DIV             shift and go to state 86
    MAIS            reduce using rule 38 (TERMO_ -> .)
    MENOS           reduce using rule 38 (TERMO_ -> .)
    MENOR           reduce using rule 38 (TERMO_ -> .)
    MENORIG         reduce using rule 38 (TERMO_ -> .)
    MAIOR           reduce using rule 38 (TERMO_ -> .)
    MAIORIG         reduce using rule 38 (TERMO_ -> .)
    IGUAL           reduce using rule 38 (TERMO_ -> .)
    DIF             reduce using rule 38 (TERMO_ -> .)
    SEMI            reduce using rule 38 (TERMO_ -> .)
    COMMA           reduce using rule 38 (TERMO_ -> .)
    RPAREN          reduce using rule 38 (TERMO_ -> .)
    AND             reduce using rule 38 (TERMO_ -> .)
    OR              reduce using rule 38 (TERMO_ -> .)
    ENTAO           reduce using rule 38 (TERMO_ -> .)
    FACA            reduce using rule 38 (TERMO_ -> .)

    TERMO_                         shift and go to state 116

state 108

    (27) REPETICAO -> ENQUANTO EXPR_LOGICA FACA COMANDOS . FIM

    FIM             shift and go to state 117


state 109

    (2) DECLARACOES -> VAR IDS COLON TIPO SEMI DECLARACOES .

    INICIO          reduce using rule 2 (DECLARACOES -> VAR IDS COLON TIPO SEMI DECLARACOES .)


state 110

    (18) ESPR_STR_ -> COMMA ITEM_ESCRITA . ESPR_STR_
    (18) ESPR_STR_ -> . COMMA ITEM_ESCRITA ESPR_STR_
    (19) ESPR_STR_ -> .

    COMMA           shift and go to state 97
    RPAREN          reduce using rule 19 (ESPR_STR_ -> .)

    ESPR_STR_                      shift and go to state 118

state 111

    (25) CONDICIONAL -> SE EXPR_LOGICA ENTAO COMANDOS SENAO . COMANDOS FIM
    (6) COMANDOS -> . COMANDO SEMI COMANDOS
    (7) COMANDOS -> .
    (8) COMANDO -> . ATRIBUICOES
    (9) COMANDO -> . LEITURA
    (10) COMANDO -> . ESCRITA
    (11) COMANDO -> . COMPOSTO
    (12) COMANDO -> . CONDICIONAL
    (13) COMANDO -> . REPETICAO
    (14) ATRIBUICOES -> . ID ATRIB EXPR
    (15) LEITURA -> . LER LPAREN IDS RPAREN
    (16) ESCRITA -> . ESCREVER LPAREN ESPR_STR RPAREN
    (24) COMPOSTO -> . INICIO COMANDOS FIM
    (25) CONDICIONAL -> . SE EXPR_LOGICA ENTAO COMANDOS SENAO COMANDOS FIM
    (26) CONDICIONAL -> . SE EXPR_LOGICA ENTAO COMANDOS FIM
    (27) REPETICAO -> . ENQUANTO EXPR_LOGICA FACA COMANDOS FIM

    FIM             reduce using rule 7 (COMANDOS -> .)
    ID              shift and go to state 10
    LER             shift and go to state 20
    ESCREVER        shift and go to state 21
    INICIO          shift and go to state 11
    SE              shift and go to state 22
    ENQUANTO        shift and go to state 23

    COMANDOS                       shift and go to state 119
    COMANDO                        shift and go to state 13
    ATRIBUICOES                    shift and go to state 14
    LEITURA                        shift and go to state 15
    ESCRITA                        shift and go to state 16
    COMPOSTO                       shift and go to state 17
    CONDICIONAL                    shift and go to state 18
    REPETICAO                      shift and go to state 19

state 112

    (26) CONDICIONAL -> SE EXPR_LOGICA ENTAO COMANDOS FIM .

    SEMI            reduce using rule 26 (CONDICIONAL -> SE EXPR_LOGICA ENTAO COMANDOS FIM .)


state 113

    (32) EXPR_ -> MAIS TERMO EXPR_ .

    MENOR           reduce using rule 32 (EXPR_ -> MAIS TERMO EXPR_ .)
    MENORIG         reduce using rule 32 (EXPR_ -> MAIS TERMO EXPR_ .)
    MAIOR           reduce using rule 32 (EXPR_ -> MAIS TERMO EXPR_ .)
    MAIORIG         reduce using rule 32 (EXPR_ -> MAIS TERMO EXPR_ .)
    IGUAL           reduce using rule 32 (EXPR_ -> MAIS TERMO EXPR_ .)
    DIF             reduce using rule 32 (EXPR_ -> MAIS TERMO EXPR_ .)
    SEMI            reduce using rule 32 (EXPR_ -> MAIS TERMO EXPR_ .)
    COMMA           reduce using rule 32 (EXPR_ -> MAIS TERMO EXPR_ .)
    RPAREN          reduce using rule 32 (EXPR_ -> MAIS TERMO EXPR_ .)
    AND             reduce using rule 32 (EXPR_ -> MAIS TERMO EXPR_ .)
    OR              reduce using rule 32 (EXPR_ -> MAIS TERMO EXPR_ .)
    ENTAO           reduce using rule 32 (EXPR_ -> MAIS TERMO EXPR_ .)
    FACA            reduce using rule 32 (EXPR_ -> MAIS TERMO EXPR_ .)


state 114

    (33) EXPR_ -> MENOS TERMO EXPR_ .

    MENOR           reduce using rule 33 (EXPR_ -> MENOS TERMO EXPR_ .)
    MENORIG         reduce using rule 33 (EXPR_ -> MENOS TERMO EXPR_ .)
    MAIOR           reduce using rule 33 (EXPR_ -> MENOS TERMO EXPR_ .)
    MAIORIG         reduce using rule 33 (EXPR_ -> MENOS TERMO EXPR_ .)
    IGUAL           reduce using rule 33 (EXPR_ -> MENOS TERMO EXPR_ .)
    DIF             reduce using rule 33 (EXPR_ -> MENOS TERMO EXPR_ .)
    SEMI            reduce using rule 33 (EXPR_ -> MENOS TERMO EXPR_ .)
    COMMA           reduce using rule 33 (EXPR_ -> MENOS TERMO EXPR_ .)
    RPAREN          reduce using rule 33 (EXPR_ -> MENOS TERMO EXPR_ .)
    AND             reduce using rule 33 (EXPR_ -> MENOS TERMO EXPR_ .)
    OR              reduce using rule 33 (EXPR_ -> MENOS TERMO EXPR_ .)
    ENTAO           reduce using rule 33 (EXPR_ -> MENOS TERMO EXPR_ .)
    FACA            reduce using rule 33 (EXPR_ -> MENOS TERMO EXPR_ .)


state 115

    (36) TERMO_ -> VEZES FATOR TERMO_ .

    MAIS            reduce using rule 36 (TERMO_ -> VEZES FATOR TERMO_ .)
    MENOS           reduce using rule 36 (TERMO_ -> VEZES FATOR TERMO_ .)
    MENOR           reduce using rule 36 (TERMO_ -> VEZES FATOR TERMO_ .)
    MENORIG         reduce using rule 36 (TERMO_ -> VEZES FATOR TERMO_ .)
    MAIOR           reduce using rule 36 (TERMO_ -> VEZES FATOR TERMO_ .)
    MAIORIG         reduce using rule 36 (TERMO_ -> VEZES FATOR TERMO_ .)
    IGUAL           reduce using rule 36 (TERMO_ -> VEZES FATOR TERMO_ .)
    DIF             reduce using rule 36 (TERMO_ -> VEZES FATOR TERMO_ .)
    SEMI            reduce using rule 36 (TERMO_ -> VEZES FATOR TERMO_ .)
    COMMA           reduce using rule 36 (TERMO_ -> VEZES FATOR TERMO_ .)
    RPAREN          reduce using rule 36 (TERMO_ -> VEZES FATOR TERMO_ .)
    AND             reduce using rule 36 (TERMO_ -> VEZES FATOR TERMO_ .)
    OR              reduce using rule 36 (TERMO_ -> VEZES FATOR TERMO_ .)
    ENTAO           reduce using rule 36 (TERMO_ -> VEZES FATOR TERMO_ .)
    FACA            reduce using rule 36 (TERMO_ -> VEZES FATOR TERMO_ .)


state 116

    (37) TERMO_ -> DIV FATOR TERMO_ .

    MAIS            reduce using rule 37 (TERMO_ -> DIV FATOR TERMO_ .)
    MENOS           reduce using rule 37 (TERMO_ -> DIV FATOR TERMO_ .)
    MENOR           reduce using rule 37 (TERMO_ -> DIV FATOR TERMO_ .)
    MENORIG         reduce using rule 37 (TERMO_ -> DIV FATOR TERMO_ .)
    MAIOR           reduce using rule 37 (TERMO_ -> DIV FATOR TERMO_ .)
    MAIORIG         reduce using rule 37 (TERMO_ -> DIV FATOR TERMO_ .)
    IGUAL           reduce using rule 37 (TERMO_ -> DIV FATOR TERMO_ .)
    DIF             reduce using rule 37 (TERMO_ -> DIV FATOR TERMO_ .)
    SEMI            reduce using rule 37 (TERMO_ -> DIV FATOR TERMO_ .)
    COMMA           reduce using rule 37 (TERMO_ -> DIV FATOR TERMO_ .)
    RPAREN          reduce using rule 37 (TERMO_ -> DIV FATOR TERMO_ .)
    AND             reduce using rule 37 (TERMO_ -> DIV FATOR TERMO_ .)
    OR              reduce using rule 37 (TERMO_ -> DIV FATOR TERMO_ .)
    ENTAO           reduce using rule 37 (TERMO_ -> DIV FATOR TERMO_ .)
    FACA            reduce using rule 37 (TERMO_ -> DIV FATOR TERMO_ .)


state 117

    (27) REPETICAO -> ENQUANTO EXPR_LOGICA FACA COMANDOS FIM .

    SEMI            reduce using rule 27 (REPETICAO -> ENQUANTO EXPR_LOGICA FACA COMANDOS FIM .)


state 118

    (18) ESPR_STR_ -> COMMA ITEM_ESCRITA ESPR_STR_ .

    RPAREN          reduce using rule 18 (ESPR_STR_ -> COMMA ITEM_ESCRITA ESPR_STR_ .)


state 119

    (25) CONDICIONAL -> SE EXPR_LOGICA ENTAO COMANDOS SENAO COMANDOS . FIM

    FIM             shift and go to state 120


state 120

    (25) CONDICIONAL -> SE EXPR_LOGICA ENTAO COMANDOS SENAO COMANDOS FIM .

    SEMI            reduce using rule 25 (CONDICIONAL -> SE EXPR_LOGICA ENTAO COMANDOS SENAO COMANDOS FIM .)

WARNING: 
WARNING: Conflicts:
WARNING: 
WARNING: reduce/reduce conflict in state 39 resolved using rule (FATOR -> ID)
WARNING: rejected rule (FATOR_LOGICO -> ID) in state 39
WARNING: reduce/reduce conflict in state 40 resolved using rule (FATOR -> BOOL)
WARNING: rejected rule (FATOR_LOGICO -> BOOL) in state 40
WARNING: reduce/reduce conflict in state 66 resolved using rule (ITEM_ESCRITA -> ID)
WARNING: rejected rule (FATOR -> ID) in state 66
WARNING: reduce/reduce conflict in state 66 resolved using rule (ITEM_ESCRITA -> ID)
WARNING: rejected rule (FATOR_LOGICO -> ID) in state 66
WARNING: reduce/reduce conflict in state 67 resolved using rule (FATOR -> BOOL)
WARNING: rejected rule (FATOR_LOGICO -> BOOL) in state 67
WARNING: reduce/reduce conflict in state 94 resolved using rule (FATOR -> ID)
WARNING: rejected rule (FATOR_LOGICO -> ID) in state 94
